\BOOKMARK [0][-]{chapter*.2}{Agradecimientos}{}% 1
\BOOKMARK [0][-]{chapter*.3}{Resumen}{}% 2
\BOOKMARK [0][-]{chapter*.4}{Abstract}{}% 3
\BOOKMARK [0][-]{chapter*.5}{\315ndice General}{}% 4
\BOOKMARK [0][-]{chapter*.6}{\315ndice de Figuras}{}% 5
\BOOKMARK [0][-]{chapter*.7}{\315ndice de Tablas}{}% 6
\BOOKMARK [0][-]{chapter*.8}{Glosario}{}% 7
\BOOKMARK [0][-]{chapter.1}{Introducci\363n}{}% 8
\BOOKMARK [1][-]{section.1.1}{Motivaci\363n del proyecto}{chapter.1}% 9
\BOOKMARK [1][-]{section.1.2}{Objetivos del proyecto}{chapter.1}% 10
\BOOKMARK [1][-]{section.1.3}{Entorno socio-econ\363mico}{chapter.1}% 11
\BOOKMARK [1][-]{section.1.4}{Estructura del documento}{chapter.1}% 12
\BOOKMARK [0][-]{chapter.2}{Introducci\363n}{}% 13
\BOOKMARK [1][-]{section.2.1}{Motivaci\363n del proyecto}{chapter.2}% 14
\BOOKMARK [1][-]{section.2.2}{Objetivos del proyecto}{chapter.2}% 15
\BOOKMARK [1][-]{section.2.3}{Entorno socio-econ\363mico}{chapter.2}% 16
\BOOKMARK [1][-]{section.2.4}{Estructura del documento}{chapter.2}% 17
\BOOKMARK [0][-]{chapter.3}{Descripci\363n general del sistema}{}% 18
\BOOKMARK [1][-]{section.3.1}{Presentaci\363n}{chapter.3}% 19
\BOOKMARK [1][-]{section.3.2}{Requisitos necesarios}{chapter.3}% 20
\BOOKMARK [2][-]{subsection.3.2.1}{Requisitos de la aplicaci\363n}{section.3.2}% 21
\BOOKMARK [2][-]{subsection.3.2.2}{Requisitos de Facebook}{section.3.2}% 22
\BOOKMARK [2][-]{subsection.3.2.3}{Requisitos del crawler}{section.3.2}% 23
\BOOKMARK [2][-]{subsection.3.2.4}{Requisitos de desarrollo}{section.3.2}% 24
\BOOKMARK [1][-]{section.3.3}{Alternativas de implementaci\363n del sistema}{chapter.3}% 25
\BOOKMARK [2][-]{subsection.3.3.1}{Alternativas del lenguaje}{section.3.3}% 26
\BOOKMARK [2][-]{subsection.3.3.2}{Evaluaci\363n de las alternativas de lenguaje y elecci\363n de la soluci\363n}{section.3.3}% 27
\BOOKMARK [2][-]{subsection.3.3.3}{Alternativas de las bases de datos}{section.3.3}% 28
\BOOKMARK [2][-]{subsection.3.3.4}{Evaluaci\363n de las alternativas de bases de datos y elecci\363n de la soluci\363n}{section.3.3}% 29
\BOOKMARK [2][-]{subsection.3.3.5}{Alternativas del dise\361o web}{section.3.3}% 30
\BOOKMARK [2][-]{subsection.3.3.6}{Evaluaci\363n de las alternativas de dise\361o web y elecci\363n de la soluci\363n}{section.3.3}% 31
\BOOKMARK [1][-]{section.3.4}{Entorno de desarrollo utilizado}{chapter.3}% 32
\BOOKMARK [2][-]{subsection.3.4.1}{Eclipse IDE for Java EE Developers}{section.3.4}% 33
\BOOKMARK [2][-]{subsection.3.4.2}{Servidor web Jetty}{section.3.4}% 34
\BOOKMARK [0][-]{chapter.4}{Funcionamiento del sistema}{}% 35
\BOOKMARK [1][-]{section.4.1}{Frontend}{chapter.4}% 36
\BOOKMARK [2][-]{subsection.4.1.1}{Registration}{section.4.1}% 37
\BOOKMARK [2][-]{subsection.4.1.2}{Login}{section.4.1}% 38
\BOOKMARK [2][-]{subsection.4.1.3}{B\372squeda}{section.4.1}% 39
\BOOKMARK [2][-]{subsection.4.1.4}{Historial}{section.4.1}% 40
\BOOKMARK [2][-]{subsection.4.1.5}{Resultados}{section.4.1}% 41
\BOOKMARK [1][-]{section.4.2}{Backend}{chapter.4}% 42
\BOOKMARK [2][-]{subsection.4.2.1}{API Facebook Developers}{section.4.2}% 43
\BOOKMARK [2][-]{subsection.4.2.2}{Distribuci\363n: RabbitMQ}{section.4.2}% 44
\BOOKMARK [2][-]{subsection.4.2.3}{Crawler de Facebook: Selenium WebDriver}{section.4.2}% 45
\BOOKMARK [2][-]{subsection.4.2.4}{An\341lisis gr\341fico: Google Chart}{section.4.2}% 46
\BOOKMARK [0][-]{chapter.5}{Ejemplo de utilizaci\363n de la aplicaci\363n}{}% 47
\BOOKMARK [1][-]{section.5.1}{Caso pr\341ctico}{chapter.5}% 48
\BOOKMARK [0][-]{chapter.6}{Planificaci\363n del trabajo y presupuesto}{}% 49
\BOOKMARK [1][-]{section.6.1}{Planificaci\363n del trabajo}{chapter.6}% 50
\BOOKMARK [2][-]{subsection.6.1.1}{Definici\363n de tareas}{section.6.1}% 51
\BOOKMARK [2][-]{subsection.6.1.2}{Planificaci\363n: Diagrama de Gantt}{section.6.1}% 52
\BOOKMARK [1][-]{section.6.2}{Presupuesto}{chapter.6}% 53
\BOOKMARK [2][-]{subsection.6.2.1}{Costes materiales}{section.6.2}% 54
\BOOKMARK [2][-]{subsection.6.2.2}{Costes de personal}{section.6.2}% 55
\BOOKMARK [2][-]{subsection.6.2.3}{Costes totales}{section.6.2}% 56
\BOOKMARK [0][-]{chapter.7}{Conclusiones}{}% 57
\BOOKMARK [1][-]{section.7.1}{Conclusi\363n}{chapter.7}% 58
\BOOKMARK [1][-]{section.7.2}{Desarrollos futuros}{chapter.7}% 59
